64 1:<FETCH> 
64 1:<FETCH> ************************************************************
64 1:<FETCH> 
64 1:<FETCH> Number of instructions: 53
64 1:<FETCH> Number of simulated cycles: 64
64 1:<FETCH> CPI: 1.21
64 1:<FETCH> Int Conditional Branches: 0
64 1:<FETCH> Jump and Link: 4
64 1:<FETCH> Jump Register: 2
64 1:<FETCH> Number of fp instructions: 0
64 1:<FETCH> Number of loads: 4
64 1:<FETCH> Number of syscall emulated loads: 73
64 1:<FETCH> Number of stores: 5
64 1:<FETCH> Number of syscall emulated stores: 66
64 1:<FETCH> 
64 1:<FETCH> Additional counters
64 1:<FETCH> Number of ex-ex bypasses: 5
64 1:<FETCH> Number of mem-ex bypasses: 4
64 1:<FETCH> Number of mem-mem bypasses: 0
64 1:<FETCH> Number of syscalls: 3
64 1:<FETCH> Number of stalls due to load interlock: 0
