1884 1:<FETCH> 
1884 1:<FETCH> ************************************************************
1884 1:<FETCH> 
1884 1:<FETCH> Number of instructions: 1865
1884 1:<FETCH> Number of simulated cycles: 1884
1884 1:<FETCH> CPI: 1.01
1884 1:<FETCH> Int Conditional Branches: 354
1884 1:<FETCH> Jump and Link: 29
1884 1:<FETCH> Jump Register: 28
1884 1:<FETCH> Number of fp instructions: 2
1884 1:<FETCH> Number of loads: 324
1884 1:<FETCH> Number of syscall emulated loads: 67
1884 1:<FETCH> Number of stores: 168
1884 1:<FETCH> Number of syscall emulated stores: 64
1884 1:<FETCH> 
1884 1:<FETCH> Additional counters
1884 1:<FETCH> Number of ex-ex bypasses: 426
1884 1:<FETCH> Number of mem-ex bypasses: 225
1884 1:<FETCH> Number of mem-mem bypasses: 0
1884 1:<FETCH> Number of syscalls: 5
1884 1:<FETCH> Number of stalls due to load interlock: 142
