2427 1:<FETCH> 
2427 1:<FETCH> ************************************************************
2427 1:<FETCH> 
2427 1:<FETCH> Number of instructions: 2408
2427 1:<FETCH> Number of simulated cycles: 2427
2427 1:<FETCH> CPI: 1.01
2427 1:<FETCH> Int Conditional Branches: 466
2427 1:<FETCH> Jump and Link: 38
2427 1:<FETCH> Jump Register: 36
2427 1:<FETCH> Number of fp instructions: 2
2427 1:<FETCH> Number of loads: 349
2427 1:<FETCH> Number of syscall emulated loads: 68
2427 1:<FETCH> Number of stores: 163
2427 1:<FETCH> Number of syscall emulated stores: 55
2427 1:<FETCH> 
2427 1:<FETCH> Additional counters
2427 1:<FETCH> Number of ex-ex bypasses: 607
2427 1:<FETCH> Number of mem-ex bypasses: 305
2427 1:<FETCH> Number of mem-mem bypasses: 0
2427 1:<FETCH> Number of syscalls: 5
2427 1:<FETCH> Number of stalls due to load interlock: 159
2427 1:<FETCH> Number of lwl: 0, lwr: 0, swl: 0, swr: 0
