1657 1:<FETCH> 
1657 1:<FETCH> ************************************************************
1657 1:<FETCH> 
1657 1:<FETCH> Number of instructions: 1638
1657 1:<FETCH> Number of simulated cycles: 1657
1657 1:<FETCH> CPI: 1.01
1657 1:<FETCH> Int Conditional Branches: 342
1657 1:<FETCH> Jump and Link: 23
1657 1:<FETCH> Jump Register: 19
1657 1:<FETCH> Number of fp instructions: 2
1657 1:<FETCH> Number of loads: 274
1657 1:<FETCH> Number of syscall emulated loads: 74
1657 1:<FETCH> Number of stores: 103
1657 1:<FETCH> Number of syscall emulated stores: 62
1657 1:<FETCH> 
1657 1:<FETCH> Additional counters
1657 1:<FETCH> Number of ex-ex bypasses: 391
1657 1:<FETCH> Number of mem-ex bypasses: 229
1657 1:<FETCH> Number of mem-mem bypasses: 0
1657 1:<FETCH> Number of syscalls: 5
1657 1:<FETCH> Number of stalls due to load interlock: 140
1657 1:<FETCH> Number of lwl: 0, lwr: 0, swl: 0, swr: 0
