14615 1:<FETCH> 
14615 1:<FETCH> ************************************************************
14615 1:<FETCH> 
14615 1:<FETCH> Number of instructions: 14520
14615 1:<FETCH> Number of simulated cycles: 14615
14615 1:<FETCH> CPI: 1.01
14615 1:<FETCH> Int Conditional Branches: 2863
14615 1:<FETCH> Jump and Link: 214
14615 1:<FETCH> Jump Register: 232
14615 1:<FETCH> Number of fp instructions: 38
14615 1:<FETCH> Number of loads: 2675
14615 1:<FETCH> Number of syscall emulated loads: 334
14615 1:<FETCH> Number of stores: 1422
14615 1:<FETCH> Number of syscall emulated stores: 71
14615 1:<FETCH> 
14615 1:<FETCH> Additional counters
14615 1:<FETCH> Number of ex-ex bypasses: 2219
14615 1:<FETCH> Number of mem-ex bypasses: 2120
14615 1:<FETCH> Number of mem-mem bypasses: 0
14615 1:<FETCH> Number of syscalls: 24
14615 1:<FETCH> Number of stalls due to load interlock: 867
