2015 1:<FETCH> 
2015 1:<FETCH> ************************************************************
2015 1:<FETCH> 
2015 1:<FETCH> Number of instructions: 1996
2015 1:<FETCH> Number of simulated cycles: 2015
2015 1:<FETCH> CPI: 1.01
2015 1:<FETCH> Int Conditional Branches: 411
2015 1:<FETCH> Jump and Link: 31
2015 1:<FETCH> Jump Register: 29
2015 1:<FETCH> Number of fp instructions: 2
2015 1:<FETCH> Number of loads: 319
2015 1:<FETCH> Number of syscall emulated loads: 56
2015 1:<FETCH> Number of stores: 130
2015 1:<FETCH> Number of syscall emulated stores: 45
2015 1:<FETCH> 
2015 1:<FETCH> Additional counters
2015 1:<FETCH> Number of ex-ex bypasses: 450
2015 1:<FETCH> Number of mem-ex bypasses: 270
2015 1:<FETCH> Number of mem-mem bypasses: 0
2015 1:<FETCH> Number of syscalls: 5
2015 1:<FETCH> Number of stalls due to load interlock: 157
2015 1:<FETCH> Number of lwl: 0, lwr: 0, swl: 0, swr: 0
