17122 1:<FETCH> 
17122 1:<FETCH> ************************************************************
17122 1:<FETCH> 
17122 1:<FETCH> Number of instructions: 17103
17122 1:<FETCH> Number of simulated cycles: 17122
17122 1:<FETCH> CPI: 1.00
17122 1:<FETCH> Int Conditional Branches: 3121
17122 1:<FETCH> Jump and Link: 26
17122 1:<FETCH> Jump Register: 23
17122 1:<FETCH> Number of fp instructions: 2
17122 1:<FETCH> Number of loads: 1754
17122 1:<FETCH> Number of syscall emulated loads: 69
17122 1:<FETCH> Number of stores: 890
17122 1:<FETCH> Number of syscall emulated stores: 47
17122 1:<FETCH> 
17122 1:<FETCH> Additional counters
17122 1:<FETCH> Number of ex-ex bypasses: 5611
17122 1:<FETCH> Number of mem-ex bypasses: 843
17122 1:<FETCH> Number of mem-mem bypasses: 0
17122 1:<FETCH> Number of syscalls: 5
17122 1:<FETCH> Number of stalls due to load interlock: 655
17122 1:<FETCH> Number of lwl: 0, lwr: 0, swl: 0, swr: 0
