25560 1:<FETCH> 
25560 1:<FETCH> ************************************************************
25560 1:<FETCH> 
25560 1:<FETCH> Number of instructions: 25541
25560 1:<FETCH> Number of simulated cycles: 25560
25560 1:<FETCH> CPI: 1.00
25560 1:<FETCH> Int Conditional Branches: 2442
25560 1:<FETCH> Jump and Link: 1297
25560 1:<FETCH> Jump Register: 1306
25560 1:<FETCH> Number of fp instructions: 28
25560 1:<FETCH> Number of loads: 3613
25560 1:<FETCH> Number of syscall emulated loads: 98
25560 1:<FETCH> Number of stores: 4326
25560 1:<FETCH> Number of syscall emulated stores: 60
25560 1:<FETCH> 
25560 1:<FETCH> Additional counters
25560 1:<FETCH> Number of ex-ex bypasses: 3771
25560 1:<FETCH> Number of mem-ex bypasses: 3304
25560 1:<FETCH> Number of mem-mem bypasses: 0
25560 1:<FETCH> Number of syscalls: 5
25560 1:<FETCH> Number of stalls due to load interlock: 443
