4250 1:<FETCH> 
4250 1:<FETCH> ************************************************************
4250 1:<FETCH> 
4250 1:<FETCH> Number of instructions: 4224
4250 1:<FETCH> Number of simulated cycles: 4250
4250 1:<FETCH> CPI: 1.01
4250 1:<FETCH> Int Conditional Branches: 680
4250 1:<FETCH> Jump and Link: 65
4250 1:<FETCH> Jump Register: 66
4250 1:<FETCH> Number of fp instructions: 4
4250 1:<FETCH> Number of loads: 855
4250 1:<FETCH> Number of syscall emulated loads: 104
4250 1:<FETCH> Number of stores: 661
4250 1:<FETCH> Number of syscall emulated stores: 64
4250 1:<FETCH> 
4250 1:<FETCH> Additional counters
4250 1:<FETCH> Number of ex-ex bypasses: 652
4250 1:<FETCH> Number of mem-ex bypasses: 545
4250 1:<FETCH> Number of mem-mem bypasses: 0
4250 1:<FETCH> Number of syscalls: 6
4250 1:<FETCH> Number of stalls due to load interlock: 233
