7149 1:<FETCH> 
7149 1:<FETCH> ************************************************************
7149 1:<FETCH> 
7149 1:<FETCH> Number of instructions: 7130
7149 1:<FETCH> Number of simulated cycles: 7149
7149 1:<FETCH> CPI: 1.00
7149 1:<FETCH> Int Conditional Branches: 768
7149 1:<FETCH> Jump and Link: 27
7149 1:<FETCH> Jump Register: 25
7149 1:<FETCH> Number of fp instructions: 2
7149 1:<FETCH> Number of loads: 361
7149 1:<FETCH> Number of syscall emulated loads: 100
7149 1:<FETCH> Number of stores: 1142
7149 1:<FETCH> Number of syscall emulated stores: 60
7149 1:<FETCH> 
7149 1:<FETCH> Additional counters
7149 1:<FETCH> Number of ex-ex bypasses: 2359
7149 1:<FETCH> Number of mem-ex bypasses: 554
7149 1:<FETCH> Number of mem-mem bypasses: 0
7149 1:<FETCH> Number of syscalls: 5
7149 1:<FETCH> Number of stalls due to load interlock: 177
7149 1:<FETCH> Number of lwl: 0, lwr: 0, swl: 0, swr: 0
