WARNING: Fini called!
Field               Value       Percentage
---------------------------------------------
ins_cnt             5           -
load                0           0.00%
store               0           0.00%
nop                 0           0.00%
call_drct           0           0.00%
call_indrct         0           0.00%
ret                 0           0.00%
uncond_br           0           0.00%
cond_br             0           0.00%
logical             0           0.00%
rotate_shift        0           0.00%
flagop              0           0.00%
vector              0           0.00%
cmov                0           0.00%
mmx_sse             0           0.00%
syscall             2           40.00%
alu                 0           0.00%
misc                3           60.00%
BBL counter: 2
Mean BBL sz (ins): 2.00
CPI: 1.00
