WARNING: Fini called!
Field               Value       Percentage
---------------------------------------------
ins_cnt             6           -
load                1           11.11%
store               2           22.22%
nop                 0           0.00%
call_drct           0           0.00%
call_indrct         0           0.00%
ret                 0           0.00%
uncond_br           0           0.00%
cond_br             0           0.00%
logical             1           11.11%
rotate_shift        0           0.00%
flagop              0           0.00%
vector              0           0.00%
cmov                0           0.00%
mmx_sse             0           0.00%
syscall             0           0.00%
alu                 0           0.00%
misc                5           55.56%
BBL counter: 1
Mean BBL sz (ins): 6.00
CPI: 24.00
FUCK: 2
