Field               Value       Percentage
---------------------------------------------
ins_cnt             999999998   -
load                138311348   9.24%
store               359267344   23.99%
nop                 189282      0.01%
call_drct           4590551     0.31%
call_indrct         501863      0.03%
ret                 5092413     0.34%
uncond_br           4934339     0.33%
cond_br             133478830   8.91%
logical             131969278   8.81%
rotate_shift        2349699     0.16%
flagop              184910      0.01%
vector              0           0.00%
cmov                0           0.00%
mmx_sse             0           0.00%
syscall             0           0.00%
alu                 5           0.00%
misc                716708828   47.86%
1. Instruction Length Distribution:
0 bytes: 0
1 bytes: 129831292
2 bytes: 591656217
3 bytes: 124866097
4 bytes: 115982272
5 bytes: 11208076
6 bytes: 15635333
7 bytes: 10762372
8 bytes: 58339
9 bytes: 0
10 bytes: 0
11 bytes: 0
12 bytes: 0
13 bytes: 0
14 bytes: 0
15 bytes: 0

2. Operands per Instruction:
0 operands: 189282
1 operands: 4598587
2 operands: 349464457
3 operands: 403930536
4 operands: 33847780
5 operands: 203714073
6 operands: 4255283
7 operands: 0
8 operands: 0
9 operands: 0

3. Register Read Operands:
0 reads: 2136960
1 reads: 168992759
2 reads: 472424311
3 reads: 62601062
4 reads: 90467499
5 reads: 199122124
6 reads: 4255283
7 reads: 0
8 reads: 0
9 reads: 0

4. Register Write Operands:
0 writes: 125743996
1 writes: 418779303
2 writes: 451078536
3 writes: 4398163
4 writes: 0
5 writes: 0
6 writes: 0
7 writes: 0
8 writes: 0
9 writes: 0

5. Memory Operands per Instruction:
0 operands: 518888091
1 operands: 464713530
2 operands: 16398377
3 operands: 0
4 operands: 0
5 operands: 0
6 operands: 0
7 operands: 0
8 operands: 0
9 operands: 0

6. Memory Read Operands:
0 operands: 342800562
1 operands: 138311345
2 operands: 0
3 operands: 0
4 operands: 0
5 operands: 0
6 operands: 0
7 operands: 0
8 operands: 0
9 operands: 0

7. Memory Write Operands:
0 operands: 121912968
1 operands: 359198939
2 operands: 0
3 operands: 0
4 operands: 0
5 operands: 0
6 operands: 0
7 operands: 0
8 operands: 0
9 operands: 0

8. Memory Bytes Touched:
Max: 8 bytes
Average: 3.95864 bytes

9. Immediate Values:
Max: 1073741823
Min: -2147483587

10. Displacement Values:
Max: 138634432
Min: -1744
BBL counter: 73568
Mean BBL sz (ins): 4.00000
CPI: 23.92563
Data Chunk Accesses: 1140752
Instr Chunk Accesses: 2953
