Field               Value       Percentage
---------------------------------------------
ins_cnt             1000000001  -
load                547671722   33.74%
store               75699710    4.66%
nop                 34317       0.00%
call_drct           144622      0.01%
call_indrct         959         0.00%
ret                 145581      0.01%
uncond_br           205862      0.01%
cond_br             144361425   8.89%
logical             1158703     0.07%
rotate_shift        294106      0.02%
flagop              5669        0.00%
vector              0           0.00%
cmov                0           0.00%
mmx_sse             0           0.00%
syscall             0           0.00%
alu                 40212       0.00%
misc                853608545   52.58%
1. Instruction Length Distribution:
0 bytes: 0
1 bytes: 25078459
2 bytes: 302860552
3 bytes: 296150918
4 bytes: 270388796
5 bytes: 24861234
6 bytes: 68360207
7 bytes: 416480
8 bytes: 11883355
9 bytes: 0
10 bytes: 0
11 bytes: 0
12 bytes: 0
13 bytes: 0
14 bytes: 0
15 bytes: 0

2. Operands per Instruction:
0 operands: 34887
1 operands: 3512
2 operands: 566126763
3 operands: 432938365
4 operands: 713115
5 operands: 159551
6 operands: 23808
7 operands: 0
8 operands: 0
9 operands: 0

3. Register Read Operands:
0 reads: 610947
1 reads: 75620185
2 reads: 562398800
3 reads: 281425794
4 reads: 79905538
5 reads: 14929
6 reads: 23808
7 reads: 0
8 reads: 0
9 reads: 0

4. Register Write Operands:
0 writes: 75149179
1 writes: 755279998
2 writes: 169547016
3 writes: 23808
4 writes: 0
5 writes: 0
6 writes: 0
7 writes: 0
8 writes: 0
9 writes: 0

5. Memory Operands per Instruction:
0 operands: 376809117
1 operands: 623024775
2 operands: 166109
3 operands: 0
4 operands: 0
5 operands: 0
6 operands: 0
7 operands: 0
8 operands: 0
9 operands: 0

6. Memory Read Operands:
0 operands: 75528003
1 operands: 547662881
2 operands: 0
3 operands: 0
4 operands: 0
5 operands: 0
6 operands: 0
7 operands: 0
8 operands: 0
9 operands: 0

7. Memory Write Operands:
0 operands: 547496772
1 operands: 75694112
2 operands: 0
3 operands: 0
4 operands: 0
5 operands: 0
6 operands: 0
7 operands: 0
8 operands: 0
9 operands: 0

8. Memory Bytes Touched:
Max: 8 bytes
Average: 3.99751 bytes

9. Immediate Values:
Max: 2147483647
Min: -987654321

10. Displacement Values:
Max: 135294312
Min: -580
BBL counter: 4079
Mean BBL sz (ins): 5.00000
CPI: 27.49586
Data Chunk Accesses: 84052
Instr Chunk Accesses: 486
