Field               Value       Percentage
---------------------------------------------
ins_cnt             999999999   -
load                709947171   35.99%
store               262836303   13.32%
nop                 14          0.00%
call_drct           163         0.00%
call_indrct         16          0.00%
ret                 179         0.00%
uncond_br           4767427     0.24%
cond_br             7791725     0.39%
logical             5059493     0.26%
rotate_shift        196         0.00%
flagop              79396       0.00%
vector              0           0.00%
cmov                0           0.00%
mmx_sse             0           0.00%
syscall             0           0.00%
alu                 965338837   48.93%
misc                16962553    0.86%
1. Instruction Length Distribution:
0 bytes: 0
1 bytes: 106686
2 bytes: 487544911
3 bytes: 179628039
4 bytes: 891
5 bytes: 7579131
6 bytes: 324469699
7 bytes: 645484
8 bytes: 0
9 bytes: 0
10 bytes: 25158
11 bytes: 0
12 bytes: 0
13 bytes: 0
14 bytes: 0
15 bytes: 0

2. Operands per Instruction:
0 operands: 14
1 operands: 19
2 operands: 13365172
3 operands: 457059385
4 operands: 529575202
5 operands: 179
6 operands: 28
7 operands: 0
8 operands: 0
9 operands: 0

3. Register Read Operands:
0 reads: 44824719
1 reads: 133972972
2 reads: 604379423
3 reads: 216822702
4 reads: 139
5 reads: 16
6 reads: 28
7 reads: 0
8 reads: 0
9 reads: 0

4. Register Write Operands:
0 writes: 131900105
1 writes: 822007170
2 writes: 46092569
3 writes: 155
4 writes: 0
5 writes: 0
6 writes: 0
7 writes: 0
8 writes: 0
9 writes: 0

5. Memory Operands per Instruction:
0 operands: 510666322
1 operands: 489308326
2 operands: 25351
3 operands: 0
4 operands: 0
5 operands: 0
6 operands: 0
7 operands: 0
8 operands: 0
9 operands: 0

6. Memory Read Operands:
0 operands: 131821462
1 operands: 357512215
2 operands: 0
3 operands: 0
4 operands: 0
5 operands: 0
6 operands: 0
7 operands: 0
8 operands: 0
9 operands: 0

7. Memory Write Operands:
0 operands: 357486864
1 operands: 131846813
2 operands: 0
3 operands: 0
4 operands: 0
5 operands: 0
6 operands: 0
7 operands: 0
8 operands: 0
9 operands: 0

8. Memory Bytes Touched:
Max: 8 bytes
Average: 7.95169 bytes

9. Immediate Values:
Max: 2147483647
Min: -1672357186

10. Displacement Values:
Max: 3216104
Min: -16080
BBL counter: 1668
Mean BBL sz (ins): 5.00000
CPI: 35.02404
Data Chunk Accesses: 13121299
Instr Chunk Accesses: 381
