Field               Value       Percentage
---------------------------------------------
ins_cnt             999999997   -
load                441157275   29.21%
store               69242205    4.58%
nop                 179676      0.01%
call_drct           3278122     0.22%
call_indrct         511         0.00%
ret                 3278634     0.22%
uncond_br           5487101     0.36%
cond_br             112770156   7.47%
logical             35272619    2.34%
rotate_shift        264878      0.02%
flagop              4318691     0.29%
vector              0           0.00%
cmov                0           0.00%
mmx_sse             0           0.00%
syscall             0           0.00%
alu                 412503500   27.31%
misc                422646109   27.98%
1. Instruction Length Distribution:
0 bytes: 0
1 bytes: 81214950
2 bytes: 430545481
3 bytes: 432113066
4 bytes: 26290007
5 bytes: 7126668
6 bytes: 17912431
7 bytes: 4753425
8 bytes: 43956
9 bytes: 0
10 bytes: 13
11 bytes: 0
12 bytes: 0
13 bytes: 0
14 bytes: 0
15 bytes: 0

2. Operands per Instruction:
0 operands: 179676
1 operands: 7759
2 operands: 301660182
3 operands: 502104074
4 operands: 179681579
5 operands: 16290903
6 operands: 75824
7 operands: 0
8 operands: 0
9 operands: 0

3. Register Read Operands:
0 reads: 5015943
1 reads: 112978870
2 reads: 585929061
3 reads: 151630334
4 reads: 131357184
5 reads: 13012781
6 reads: 75824
7 reads: 0
8 reads: 0
9 reads: 0

4. Register Write Operands:
0 writes: 45850688
1 writes: 833895779
2 writes: 120176297
3 writes: 77233
4 writes: 0
5 writes: 0
6 writes: 0
7 writes: 0
8 writes: 0
9 writes: 0

5. Memory Operands per Instruction:
0 operands: 508705697
1 operands: 480373250
2 operands: 10921050
3 operands: 0
4 operands: 0
5 operands: 0
6 operands: 0
7 operands: 0
8 operands: 0
9 operands: 0

6. Memory Read Operands:
0 operands: 55474540
1 operands: 435819760
2 operands: 0
3 operands: 0
4 operands: 0
5 operands: 0
6 operands: 0
7 operands: 0
8 operands: 0
9 operands: 0

7. Memory Write Operands:
0 operands: 424898710
1 operands: 66395590
2 operands: 0
3 operands: 0
4 operands: 0
5 operands: 0
6 operands: 0
7 operands: 0
8 operands: 0
9 operands: 0

8. Memory Bytes Touched:
Max: 8 bytes
Average: 3.99254 bytes

9. Immediate Values:
Max: 2147483647
Min: -2147483648

10. Displacement Values:
Max: 135127364
Min: -121088
BBL counter: 7447
Mean BBL sz (ins): 5.00000
CPI: 24.31672
Data Chunk Accesses: 154004
Instr Chunk Accesses: 1173
