Field               Value       Percentage
---------------------------------------------
ins_cnt             1000000025  -
load                1040897004  43.88%
store               331288182   13.97%
nop                 2265        0.00%
call_drct           531584      0.02%
call_indrct         193         0.00%
ret                 531777      0.02%
uncond_br           535271      0.02%
cond_br             4305620     0.18%
logical             1626453     0.07%
rotate_shift        1059310     0.04%
flagop              5           0.00%
vector              0           0.00%
cmov                0           0.00%
mmx_sse             0           0.00%
syscall             0           0.00%
alu                 851723546   35.90%
misc                139684001   5.89%
1. Instruction Length Distribution:
0 bytes: 0
1 bytes: 1658078
2 bytes: 263441920
3 bytes: 78112037
4 bytes: 15678306
5 bytes: 1609528
6 bytes: 603728417
7 bytes: 35771739
8 bytes: 0
9 bytes: 0
10 bytes: 0
11 bytes: 0
12 bytes: 0
13 bytes: 0
14 bytes: 0
15 bytes: 0

2. Operands per Instruction:
0 operands: 2265
1 operands: 23
2 operands: 83585145
3 operands: 461382409
4 operands: 454498376
5 operands: 531777
6 operands: 30
7 operands: 0
8 operands: 0
9 operands: 0

3. Register Read Operands:
0 reads: 18274783
1 reads: 42914499
2 reads: 532137882
3 reads: 397790818
4 reads: 8881878
5 reads: 135
6 reads: 30
7 reads: 0
8 reads: 0
9 reads: 0

4. Register Write Operands:
0 writes: 149849538
1 writes: 791740403
2 writes: 58409928
3 writes: 126
4 writes: 30
5 writes: 0
6 writes: 0
7 writes: 0
8 writes: 0
9 writes: 0

5. Memory Operands per Instruction:
0 operands: 273540897
1 operands: 690600411
2 operands: 35858717
3 operands: 0
4 operands: 0
5 operands: 0
6 operands: 0
7 operands: 0
8 operands: 0
9 operands: 0

6. Memory Read Operands:
0 operands: 150924591
1 operands: 575534507
2 operands: 30
3 operands: 0
4 operands: 0
5 operands: 0
6 operands: 0
7 operands: 0
8 operands: 0
9 operands: 0

7. Memory Write Operands:
0 operands: 539675850
1 operands: 186783278
2 operands: 0
3 operands: 0
4 operands: 0
5 operands: 0
6 operands: 0
7 operands: 0
8 operands: 0
9 operands: 0

8. Memory Bytes Touched:
Max: 8 bytes
Average: 7.37  bytes

9. Immediate Values:
Max: 2147483647
Min: -2147483648

10. Displacement Values:
Max: 135701372
Min: -2620
BBL counter: 9495
Mean BBL sz (ins): 6.00
CPI: 40.91
Data Chunk Accesses: 4378243
Instr Chunk Accesses: 1225
