Field               Value       Percentage
---------------------------------------------
ins_cnt             1000000007  -
load                138611171   9.26%
store               358981674   23.97%
nop                 188784      0.01%
call_drct           4596481     0.31%
call_indrct         501335      0.03%
ret                 5097818     0.34%
uncond_br           4958149     0.33%
cond_br             133534135   8.92%
logical             131933877   8.81%
rotate_shift        2387205     0.16%
flagop              184876      0.01%
vector              0           0.00%
cmov                0           0.00%
mmx_sse             0           0.00%
syscall             0           0.00%
alu                 5           0.00%
misc                716617342   47.85%
1. Instruction Length Distribution:
0 bytes: 0
1 bytes: 129740330
2 bytes: 591301230
3 bytes: 125208788
4 bytes: 115862884
5 bytes: 11271273
6 bytes: 15754670
7 bytes: 10802535
8 bytes: 58297
9 bytes: 0
10 bytes: 0
11 bytes: 0
12 bytes: 0
13 bytes: 0
14 bytes: 0
15 bytes: 0

2. Operands per Instruction:
0 operands: 188784
1 operands: 4598397
2 operands: 349650229
3 operands: 403983243
4 operands: 33851102
5 operands: 203472969
6 operands: 4255283
7 operands: 0
8 operands: 0
9 operands: 0

3. Register Read Operands:
0 reads: 2143400
1 reads: 169061903
2 reads: 472604666
3 reads: 62717098
4 reads: 90342567
5 reads: 198875090
6 reads: 4255283
7 reads: 0
8 reads: 0
9 reads: 0

4. Register Write Operands:
0 writes: 125694552
1 writes: 419216706
2 writes: 450691056
3 writes: 4397693
4 writes: 0
5 writes: 0
6 writes: 0
7 writes: 0
8 writes: 0
9 writes: 0

5. Memory Operands per Instruction:
0 operands: 518878472
1 operands: 464718634
2 operands: 16402901
3 operands: 0
4 operands: 0
5 operands: 0
6 operands: 0
7 operands: 0
8 operands: 0
9 operands: 0

6. Memory Read Operands:
0 operands: 342510367
1 operands: 138611168
2 operands: 0
3 operands: 0
4 operands: 0
5 operands: 0
6 operands: 0
7 operands: 0
8 operands: 0
9 operands: 0

7. Memory Write Operands:
0 operands: 122208267
1 operands: 358913268
2 operands: 0
3 operands: 0
4 operands: 0
5 operands: 0
6 operands: 0
7 operands: 0
8 operands: 0
9 operands: 0

8. Memory Bytes Touched:
Max: 8 bytes
Average: 4.00  bytes

9. Immediate Values:
Max: 1073741823
Min: -2147483587

10. Displacement Values:
Max: 138634432
Min: -1744
BBL counter: 73576
Mean BBL sz (ins): 4.00
CPI: 23.93
Data Chunk Accesses: 1132284
Instr Chunk Accesses: 2950
