Field               Value       Percentage
---------------------------------------------
ins_cnt             999999974   -
load                736425922   38.01%
store               201007390   10.37%
nop                 83321       0.00%
call_drct           913         0.00%
call_indrct         17          0.00%
ret                 930         0.00%
uncond_br           169181      0.01%
cond_br             41549285    2.14%
logical             435798      0.02%
rotate_shift        5168464     0.27%
flagop              32          0.00%
vector              0           0.00%
cmov                0           0.00%
mmx_sse             0           0.00%
syscall             0           0.00%
alu                 394808052   20.38%
misc                557783981   28.79%
1. Instruction Length Distribution:
0 bytes: 0
1 bytes: 34716289
2 bytes: 503707191
3 bytes: 58913112
4 bytes: 82555
5 bytes: 412264
6 bytes: 400346767
7 bytes: 1821778
8 bytes: 0
9 bytes: 0
10 bytes: 18
11 bytes: 0
12 bytes: 0
13 bytes: 0
14 bytes: 0
15 bytes: 0

2. Operands per Instruction:
0 operands: 83321
1 operands: 33
2 operands: 317860956
3 operands: 492867782
4 operands: 189186846
5 operands: 992
6 operands: 44
7 operands: 0
8 operands: 0
9 operands: 0

3. Register Read Operands:
0 reads: 357048
1 reads: 58705861
2 reads: 653895054
3 reads: 270599963
4 reads: 16441932
5 reads: 72
6 reads: 44
7 reads: 0
8 reads: 0
9 reads: 0

4. Register Write Operands:
0 writes: 68909634
1 writes: 735959862
2 writes: 195130320
3 writes: 158
4 writes: 0
5 writes: 0
6 writes: 0
7 writes: 0
8 writes: 0
9 writes: 0

5. Memory Operands per Instruction:
0 operands: 378021898
1 operands: 548828586
2 operands: 73149490
3 operands: 0
4 operands: 0
5 operands: 0
6 operands: 0
7 operands: 0
8 operands: 0
9 operands: 0

6. Memory Read Operands:
0 operands: 68829595
1 operands: 553148481
2 operands: 0
3 operands: 0
4 operands: 0
5 operands: 0
6 operands: 0
7 operands: 0
8 operands: 0
9 operands: 0

7. Memory Write Operands:
0 operands: 479998991
1 operands: 141979085
2 operands: 0
3 operands: 0
4 operands: 0
5 operands: 0
6 operands: 0
7 operands: 0
8 operands: 0
9 operands: 0

8. Memory Bytes Touched:
Max: 10 bytes
Average: 5.55829 bytes

9. Immediate Values:
Max: 2147483647
Min: -2147483648

10. Displacement Values:
Max: 135182404
Min: -1760
BBL counter: 5669
Mean BBL sz (ins): 8.00000
CPI: 34.38587
Data Chunk Accesses: 2455850
Instr Chunk Accesses: 2632
