Field               Value       Percentage
---------------------------------------------
ins_cnt             1000000012  -
load                279866875   19.86%
store               129203343   9.17%
nop                 0           0.00%
call_drct           556664      0.04%
call_indrct         0           0.00%
ret                 556665      0.04%
uncond_br           834555      0.06%
cond_br             157417367   11.17%
logical             146293204   10.38%
rotate_shift        107083358   7.60%
flagop              0           0.00%
vector              0           0.00%
cmov                0           0.00%
mmx_sse             0           0.00%
syscall             0           0.00%
alu                 0           0.00%
misc                587258199   41.68%
1. Instruction Length Distribution:
0 bytes: 0
1 bytes: 61187360
2 bytes: 442809998
3 bytes: 437560012
4 bytes: 51733083
5 bytes: 834758
6 bytes: 1113146
7 bytes: 4761655
8 bytes: 0
9 bytes: 0
10 bytes: 0
11 bytes: 0
12 bytes: 0
13 bytes: 0
14 bytes: 0
15 bytes: 0

2. Operands per Instruction:
0 operands: 0
1 operands: 0
2 operands: 467945159
3 operands: 476703754
4 operands: 54794435
5 operands: 556664
6 operands: 0
7 operands: 0
8 operands: 0
9 operands: 0

3. Register Read Operands:
0 reads: 0
1 reads: 314502858
2 reads: 461095420
3 reads: 223845200
4 reads: 556534
5 reads: 0
6 reads: 0
7 reads: 0
8 reads: 0
9 reads: 0

4. Register Write Operands:
0 writes: 101552907
1 writes: 655482274
2 writes: 242408553
3 writes: 556278
4 writes: 0
5 writes: 0
6 writes: 0
7 writes: 0
8 writes: 0
9 writes: 0

5. Memory Operands per Instruction:
0 operands: 616075341
1 operands: 358779120
2 operands: 25145551
3 operands: 0
4 operands: 0
5 operands: 0
6 operands: 0
7 operands: 0
8 operands: 0
9 operands: 0

6. Memory Read Operands:
0 operands: 104057794
1 operands: 279866877
2 operands: 0
3 operands: 0
4 operands: 0
5 operands: 0
6 operands: 0
7 operands: 0
8 operands: 0
9 operands: 0

7. Memory Write Operands:
0 operands: 254721326
1 operands: 129203345
2 operands: 0
3 operands: 0
4 operands: 0
5 operands: 0
6 operands: 0
7 operands: 0
8 operands: 0
9 operands: 0

8. Memory Bytes Touched:
Max: 4 bytes
Average: 3.60445 bytes

9. Immediate Values:
Max: 124
Min: -1

10. Displacement Values:
Max: 134982404
Min: -64
BBL counter: 1401
Mean BBL sz (ins): 5.00000
CPI: 21.03154
Data Chunk Accesses: 1048592
Instr Chunk Accesses: 68
