Field               Value       Percentage
---------------------------------------------
ins_cnt             999999995   -
load                415212714   27.22%
store               110040152   7.21%
nop                 1477639     0.10%
call_drct           12556301    0.82%
call_indrct         0           0.00%
ret                 12556300    0.82%
uncond_br           8314496     0.55%
cond_br             178243015   11.69%
logical             75119495    4.93%
rotate_shift        3516416     0.23%
flagop              0           0.00%
vector              0           0.00%
cmov                0           0.00%
mmx_sse             0           0.00%
syscall             0           0.00%
alu                 0           0.00%
misc                708216333   46.43%
1. Instruction Length Distribution:
0 bytes: 0
1 bytes: 80626429
2 bytes: 485393436
3 bytes: 315526342
4 bytes: 50531205
5 bytes: 22076550
6 bytes: 5249820
7 bytes: 40596213
8 bytes: 0
9 bytes: 0
10 bytes: 0
11 bytes: 0
12 bytes: 0
13 bytes: 0
14 bytes: 0
15 bytes: 0

2. Operands per Instruction:
0 operands: 1477639
1 operands: 0
2 operands: 484784798
3 operands: 457347095
4 operands: 43834162
5 operands: 12556301
6 operands: 0
7 operands: 0
8 operands: 0
9 operands: 0

3. Register Read Operands:
0 reads: 3759879
1 reads: 148510619
2 reads: 677530557
3 reads: 170198940
4 reads: 0
5 reads: 0
6 reads: 0
7 reads: 0
8 reads: 0
9 reads: 0

4. Register Write Operands:
0 writes: 70906605
1 writes: 770283672
2 writes: 158771206
3 writes: 38512
4 writes: 0
5 writes: 0
6 writes: 0
7 writes: 0
8 writes: 0
9 writes: 0

5. Memory Operands per Instruction:
0 operands: 487182329
1 operands: 500382455
2 operands: 12435211
3 operands: 0
4 operands: 0
5 operands: 0
6 operands: 0
7 operands: 0
8 operands: 0
9 operands: 0

6. Memory Read Operands:
0 operands: 97604946
1 operands: 415212720
2 operands: 0
3 operands: 0
4 operands: 0
5 operands: 0
6 operands: 0
7 operands: 0
8 operands: 0
9 operands: 0

7. Memory Write Operands:
0 operands: 402777509
1 operands: 110040157
2 operands: 0
3 operands: 0
4 operands: 0
5 operands: 0
6 operands: 0
7 operands: 0
8 operands: 0
9 operands: 0

8. Memory Bytes Touched:
Max: 4 bytes
Average: 4.00  bytes

9. Immediate Values:
Max: 2147483647
Min: -2147483648

10. Displacement Values:
Max: 134957120
Min: -76
BBL counter: 2160
Mean BBL sz (ins): 5.00
CPI: 24.76
Data Chunk Accesses: 11672843
Instr Chunk Accesses: 66
