Field               Value       Percentage
---------------------------------------------
ins_cnt             1000000004  -
load                371235139   23.19%
store               229791102   14.35%
nop                 802403      0.05%
call_drct           21327723    1.33%
call_indrct         3689258     0.23%
ret                 25016982    1.56%
uncond_br           22189666    1.39%
cond_br             117335247   7.33%
logical             60009446    3.75%
rotate_shift        7139686     0.45%
flagop              20159872    1.26%
vector              0           0.00%
cmov                0           0.00%
mmx_sse             0           0.00%
syscall             0           0.00%
alu                 96963587    6.06%
misc                625366134   39.06%
1. Instruction Length Distribution:
0 bytes: 0
1 bytes: 154578800
2 bytes: 308551256
3 bytes: 382074579
4 bytes: 34347873
5 bytes: 45117268
6 bytes: 48822851
7 bytes: 26506956
8 bytes: 0
9 bytes: 0
10 bytes: 421
11 bytes: 0
12 bytes: 0
13 bytes: 0
14 bytes: 0
15 bytes: 0

2. Operands per Instruction:
0 operands: 802403
1 operands: 225879
2 operands: 518294369
3 operands: 281743910
4 operands: 172763956
5 operands: 25030572
6 operands: 1138915
7 operands: 0
8 operands: 0
9 operands: 0

3. Register Read Operands:
0 reads: 29000202
1 reads: 197518845
2 reads: 540431949
3 reads: 219765979
4 reads: 8457503
5 reads: 3686611
6 reads: 1138915
7 reads: 0
8 reads: 0
9 reads: 0

4. Register Write Operands:
0 writes: 165349972
1 writes: 665542439
2 writes: 167592664
3 writes: 376014
4 writes: 1138915
5 writes: 0
6 writes: 0
7 writes: 0
8 writes: 0
9 writes: 0

5. Memory Operands per Instruction:
0 operands: 449250115
1 operands: 542984766
2 operands: 7765123
3 operands: 0
4 operands: 0
5 operands: 0
6 operands: 0
7 operands: 0
8 operands: 0
9 operands: 0

6. Memory Read Operands:
0 operands: 212450802
1 operands: 337160172
2 operands: 1138915
3 operands: 0
4 operands: 0
5 operands: 0
6 operands: 0
7 operands: 0
8 operands: 0
9 operands: 0

7. Memory Write Operands:
0 operands: 331672879
1 operands: 219077010
2 operands: 0
3 operands: 0
4 operands: 0
5 operands: 0
6 operands: 0
7 operands: 0
8 operands: 0
9 operands: 0

8. Memory Bytes Touched:
Max: 8 bytes
Average: 4.25  bytes

9. Immediate Values:
Max: 2147483647
Min: -2147483648

10. Displacement Values:
Max: 136090116
Min: -104
BBL counter: 13605
Mean BBL sz (ins): 4.00
CPI: 26.90
Data Chunk Accesses: 528737
Instr Chunk Accesses: 891
