Field               Value       Percentage
---------------------------------------------
ins_cnt             999999994   -
load                546775045   33.20%
store               100105857   6.08%
nop                 9409        0.00%
call_drct           3194815     0.19%
call_indrct         126         0.00%
ret                 3194935     0.19%
uncond_br           12976027    0.79%
cond_br             103136930   6.26%
logical             13878381    0.84%
rotate_shift        10418330    0.63%
flagop              23123450    1.40%
vector              0           0.00%
cmov                0           0.00%
mmx_sse             0           0.00%
syscall             0           0.00%
alu                 307963923   18.70%
misc                522103668   31.70%
1. Instruction Length Distribution:
0 bytes: 0
1 bytes: 77365752
2 bytes: 441847227
3 bytes: 399352132
4 bytes: 16297277
5 bytes: 3265800
6 bytes: 40383202
7 bytes: 17551691
8 bytes: 3936913
9 bytes: 0
10 bytes: 0
11 bytes: 0
12 bytes: 0
13 bytes: 0
14 bytes: 0
15 bytes: 0

2. Operands per Instruction:
0 operands: 9409
1 operands: 16
2 operands: 414009605
3 operands: 395345038
4 operands: 187404767
5 operands: 3231159
6 operands: 0
7 operands: 0
8 operands: 0
9 operands: 0

3. Register Read Operands:
0 reads: 23327851
1 reads: 216169777
2 reads: 577699845
3 reads: 139345296
4 reads: 43420902
5 reads: 36323
6 reads: 0
7 reads: 0
8 reads: 0
9 reads: 0

4. Register Write Operands:
0 writes: 69020058
1 writes: 764782643
2 writes: 166197293
3 writes: 0
4 writes: 0
5 writes: 0
6 writes: 0
7 writes: 0
8 writes: 0
9 writes: 0

5. Memory Operands per Instruction:
0 operands: 530749003
1 operands: 439468329
2 operands: 29782662
3 operands: 0
4 operands: 0
5 operands: 0
6 operands: 0
7 operands: 0
8 operands: 0
9 operands: 0

6. Memory Read Operands:
0 operands: 52466031
1 operands: 416784960
2 operands: 0
3 operands: 0
4 operands: 0
5 operands: 0
6 operands: 0
7 operands: 0
8 operands: 0
9 operands: 0

7. Memory Write Operands:
0 operands: 387002298
1 operands: 82248693
2 operands: 0
3 operands: 0
4 operands: 0
5 operands: 0
6 operands: 0
7 operands: 0
8 operands: 0
9 operands: 0

8. Memory Bytes Touched:
Max: 8 bytes
Average: 5.72  bytes

9. Immediate Values:
Max: 2147483647
Min: -2147483648

10. Displacement Values:
Max: 135855532
Min: -344
BBL counter: 8125
Mean BBL sz (ins): 6.00
CPI: 28.10
Data Chunk Accesses: 5677624
Instr Chunk Accesses: 1061
