Field               Value       Percentage
---------------------------------------------
ins_cnt             999999995   -
load                547802927   33.27%
store               98835750    6.00%
nop                 3550        0.00%
call_drct           3177232     0.19%
call_indrct         111         0.00%
ret                 3177343     0.19%
uncond_br           12778351    0.78%
cond_br             103245096   6.27%
logical             13983153    0.85%
rotate_shift        10474390    0.64%
flagop              22991487    1.40%
vector              0           0.00%
cmov                0           0.00%
mmx_sse             0           0.00%
syscall             0           0.00%
alu                 309494867   18.80%
misc                520674415   31.62%
1. Instruction Length Distribution:
0 bytes: 0
1 bytes: 77572203
2 bytes: 442006037
3 bytes: 399665857
4 bytes: 16087417
5 bytes: 3219650
6 bytes: 40002049
7 bytes: 17509870
8 bytes: 3936912
9 bytes: 0
10 bytes: 0
11 bytes: 0
12 bytes: 0
13 bytes: 0
14 bytes: 0
15 bytes: 0

2. Operands per Instruction:
0 operands: 3550
1 operands: 13
2 operands: 412415559
3 operands: 396031494
4 operands: 188340992
5 operands: 3208387
6 operands: 0
7 operands: 0
8 operands: 0
9 operands: 0

3. Register Read Operands:
0 reads: 23166192
1 reads: 216228457
2 reads: 578595822
3 reads: 138070385
4 reads: 43908002
5 reads: 31137
6 reads: 0
7 reads: 0
8 reads: 0
9 reads: 0

4. Register Write Operands:
0 writes: 68191182
1 writes: 765121326
2 writes: 166687487
3 writes: 0
4 writes: 0
5 writes: 0
6 writes: 0
7 writes: 0
8 writes: 0
9 writes: 0

5. Memory Operands per Instruction:
0 operands: 531469272
1 operands: 439223723
2 operands: 29307000
3 operands: 0
4 operands: 0
5 operands: 0
6 operands: 0
7 operands: 0
8 operands: 0
9 operands: 0

6. Memory Read Operands:
0 operands: 51697212
1 operands: 416833511
2 operands: 0
3 operands: 0
4 operands: 0
5 operands: 0
6 operands: 0
7 operands: 0
8 operands: 0
9 operands: 0

7. Memory Write Operands:
0 operands: 387526511
1 operands: 81004212
2 operands: 0
3 operands: 0
4 operands: 0
5 operands: 0
6 operands: 0
7 operands: 0
8 operands: 0
9 operands: 0

8. Memory Bytes Touched:
Max: 8 bytes
Average: 5.73  bytes

9. Immediate Values:
Max: 2147483647
Min: -2147483648

10. Displacement Values:
Max: 135855532
Min: -344
BBL counter: 7992
Mean BBL sz (ins): 6.00
CPI: 28.10
Data Chunk Accesses: 5658602
Instr Chunk Accesses: 646
