Field               Value       Percentage
---------------------------------------------
ins_cnt             1000000004  -
load                437869040   29.05%
store               69657677    4.62%
nop                 165045      0.01%
call_drct           3678664     0.24%
call_indrct         487         0.00%
ret                 3679148     0.24%
uncond_br           5396968     0.36%
cond_br             113399844   7.52%
logical             33915346    2.25%
rotate_shift        283610      0.02%
flagop              4116333     0.27%
vector              0           0.00%
cmov                0           0.00%
mmx_sse             0           0.00%
syscall             0           0.00%
alu                 411313745   27.28%
misc                424050814   28.13%
1. Instruction Length Distribution:
0 bytes: 0
1 bytes: 84868570
2 bytes: 428494115
3 bytes: 430244627
4 bytes: 25815467
5 bytes: 7694445
6 bytes: 17972593
7 bytes: 4867601
8 bytes: 42573
9 bytes: 0
10 bytes: 13
11 bytes: 0
12 bytes: 0
13 bytes: 0
14 bytes: 0
15 bytes: 0

2. Operands per Instruction:
0 operands: 165045
1 operands: 8910
2 operands: 300691013
3 operands: 502258026
4 operands: 181214419
5 operands: 15573038
6 operands: 89553
7 operands: 0
8 operands: 0
9 operands: 0

3. Register Read Operands:
0 reads: 4841270
1 reads: 116310792
2 reads: 579696867
3 reads: 153102295
4 reads: 134064853
5 reads: 11894374
6 reads: 89553
7 reads: 0
8 reads: 0
9 reads: 0

4. Register Write Operands:
0 writes: 46461813
1 writes: 831245670
2 writes: 122201666
3 writes: 90855
4 writes: 0
5 writes: 0
6 writes: 0
7 writes: 0
8 writes: 0
9 writes: 0

5. Memory Operands per Instruction:
0 operands: 510683244
1 operands: 479006486
2 operands: 10310274
3 operands: 0
4 operands: 0
5 operands: 0
6 operands: 0
7 operands: 0
8 operands: 0
9 operands: 0

6. Memory Read Operands:
0 operands: 56706838
1 operands: 432609922
2 operands: 0
3 operands: 0
4 operands: 0
5 operands: 0
6 operands: 0
7 operands: 0
8 operands: 0
9 operands: 0

7. Memory Write Operands:
0 operands: 422299648
1 operands: 67017112
2 operands: 0
3 operands: 0
4 operands: 0
5 operands: 0
6 operands: 0
7 operands: 0
8 operands: 0
9 operands: 0

8. Memory Bytes Touched:
Max: 8 bytes
Average: 3.99  bytes

9. Immediate Values:
Max: 2147483647
Min: -2147483648

10. Displacement Values:
Max: 135127364
Min: -121088
BBL counter: 7450
Mean BBL sz (ins): 5.00
CPI: 24.23
Data Chunk Accesses: 180362
Instr Chunk Accesses: 1173
