Field               Value       Percentage
---------------------------------------------
ins_cnt             999999999   -
load                368285554   23.95%
store               169743280   11.04%
nop                 22004073    1.43%
call_drct           13270384    0.86%
call_indrct         8947553     0.58%
ret                 22216327    1.44%
uncond_br           8619037     0.56%
cond_br             177692163   11.55%
logical             37949205    2.47%
rotate_shift        5621502     0.37%
flagop              1675102     0.11%
vector              0           0.00%
cmov                0           0.00%
mmx_sse             0           0.00%
syscall             0           0.00%
alu                 7312742     0.48%
misc                694691911   45.17%
1. Instruction Length Distribution:
0 bytes: 0
1 bytes: 145417397
2 bytes: 320264376
3 bytes: 446452310
4 bytes: 31889277
5 bytes: 24145344
6 bytes: 23732563
7 bytes: 7709324
8 bytes: 262554
9 bytes: 60557
10 bytes: 66297
11 bytes: 0
12 bytes: 0
13 bytes: 0
14 bytes: 0
15 bytes: 0

2. Operands per Instruction:
0 operands: 22004073
1 operands: 748204
2 operands: 423137418
3 operands: 412389160
4 operands: 102000945
5 operands: 24177375
6 operands: 15542824
7 operands: 0
8 operands: 0
9 operands: 0

3. Register Read Operands:
0 reads: 29470106
1 reads: 236655527
2 reads: 457874007
3 reads: 250423600
4 reads: 1205380
5 reads: 8828555
6 reads: 15542824
7 reads: 0
8 reads: 0
9 reads: 0

4. Register Write Operands:
0 writes: 113551163
1 writes: 685190722
2 writes: 185713783
3 writes: 15544331
4 writes: 0
5 writes: 0
6 writes: 0
7 writes: 0
8 writes: 0
9 writes: 0

5. Memory Operands per Instruction:
0 operands: 493479671
1 operands: 479447201
2 operands: 27073127
3 operands: 0
4 operands: 0
5 operands: 0
6 operands: 0
7 operands: 0
8 operands: 0
9 operands: 0

6. Memory Read Operands:
0 operands: 141051745
1 operands: 365468583
2 operands: 0
3 operands: 0
4 operands: 0
5 operands: 0
6 operands: 0
7 operands: 0
8 operands: 0
9 operands: 0

7. Memory Write Operands:
0 operands: 338395456
1 operands: 168124872
2 operands: 0
3 operands: 0
4 operands: 0
5 operands: 0
6 operands: 0
7 operands: 0
8 operands: 0
9 operands: 0

8. Memory Bytes Touched:
Max: 8 bytes
Average: 4.15831 bytes

9. Immediate Values:
Max: 2147483647
Min: -1431655765

10. Displacement Values:
Max: 139657912
Min: -1392
BBL counter: 36959
Mean BBL sz (ins): 5.00000
CPI: 25.13738
Data Chunk Accesses: 838186
Instr Chunk Accesses: 2299
