Field               Value       Percentage
---------------------------------------------
ins_cnt             999995922   -
load                452703447   28.25%
store               149988224   9.36%
nop                 36514       0.00%
call_drct           791361      0.05%
call_indrct         13          0.00%
ret                 791370      0.05%
uncond_br           21299798    1.33%
cond_br             129922155   8.11%
logical             71002581    4.43%
rotate_shift        61834128    3.86%
flagop              6130        0.00%
vector              0           0.00%
cmov                0           0.00%
mmx_sse             0           0.00%
syscall             0           0.00%
alu                 0           0.00%
misc                714311872   44.57%
BBL counter: 3324
Mean BBL sz (ins): 6.00
CPI: 26.95
