Field               Value       Percentage
---------------------------------------------
ins_cnt             999931592   -
load                137959812   9.29%
store               347888337   23.41%
nop                 189577      0.01%
call_drct           4579861     0.31%
call_indrct         501892      0.03%
ret                 5081752     0.34%
uncond_br           4884517     0.33%
cond_br             133405024   8.98%
logical             131970381   8.88%
rotate_shift        2350894     0.16%
flagop              184946      0.01%
vector              0           0.00%
cmov                0           0.00%
mmx_sse             0           0.00%
syscall             0           0.00%
alu                 5           0.00%
misc                716782743   48.24%
BBL counter: 73758
Mean BBL sz (ins): 4.00
CPI: 23.56
