Field               Value       Percentage
---------------------------------------------
ins_cnt             999999998   -
load                415212653   27.45%
store               97605498    6.45%
nop                 1477638     0.10%
call_drct           12556397    0.83%
call_indrct         0           0.00%
ret                 12556394    0.83%
uncond_br           8314448     0.55%
cond_br             178242332   11.78%
logical             75119612    4.97%
rotate_shift        3516340     0.23%
flagop              0           0.00%
vector              0           0.00%
cmov                0           0.00%
mmx_sse             0           0.00%
syscall             0           0.00%
alu                 0           0.00%
misc                708216837   46.81%
BBL counter: 2295
Mean BBL sz (ins): 5.00
CPI: 24.39
