+------------------+------------+------------+
|      Field       |   Value    | Percentage |
+------------------+------------+------------+
| ins_cnt           |      99999 |   100.00%  |
| load            |          0 |      0.00% |
| store           |          0 |      0.00% |
| nop             |         22 |      0.02% |
| call_drct       |        469 |      0.47% |
| call_indrct     |         71 |      0.07% |
| ret             |        531 |      0.53% |
| uncond_br       |       1706 |      1.71% |
| cond_br         |      24551 |     24.55% |
| logical         |      10493 |     10.49% |
| rotate_shift    |        819 |      0.82% |
| flagop          |          0 |      0.00% |
| vector          |          0 |      0.00% |
| cmov            |         51 |      0.05% |
| mmx_sse         |        899 |      0.90% |
| syscall         |         68 |      0.07% |
| alu             |          0 |      0.00% |
| misc            |      60319 |     60.32% |
+------------------+------------+------------+
