Executing /home/group1/ashish3/HW3/v3a/Ksim/Bench/testcode/c-sim/example.image
Illegal ins 0 at PC 0x40009d. Terminating simulation!
Register state on termination:


--- PC = 004000a9 ---
 r0: 00000000 (0)
 r1: 00420000 (4325376)
 r2: 00000001 (1)
 r3: 00000001 (1)
 r4: 00000001 (1)
 r5: 00000001 (1)
 r6: 7fffae54 (2147462740)
 r7: 00000000 (0)
 r8: 00000000 (0)
 r9: 00000000 (0)
r10: 00000000 (0)
r11: 00000000 (0)
r12: 00000000 (0)
r13: 00000000 (0)
r14: 00000000 (0)
r15: 00000000 (0)
r16: 00000000 (0)
r17: 00000000 (0)
r18: 00000000 (0)
r19: 00000000 (0)
r20: 00000000 (0)
r21: 003f8ba0 (4164512)
r22: 00000000 (0)
r23: 00000000 (0)
r24: 00000000 (0)
r25: 00000000 (0)
r26: 00000000 (0)
r27: 00000000 (0)
r28: 00425aa0 (4348576)
r29: 7fffae10 (2147462672)
r30: 00000000 (0)
r31: 0040103c (4198460)
