Executing /home/group1/ashish3/HW3/v3a/Ksim/Bench/testcode/hello/hello.image
Illegal ins 0 at PC 0x40009e. Terminating simulation!
Register state on termination:


--- PC = 004000aa ---
 r0: 00000000 (0)
 r1: 00420000 (4325376)
 r2: 00000002 (2)
 r3: 00000000 (0)
 r4: 00419fb0 (4300720)
 r5: 7fffae14 (2147462676)
 r6: 7fffae54 (2147462740)
 r7: 0041dc34 (4316212)
 r8: 00000000 (0)
 r9: 00000000 (0)
r10: 00000000 (0)
r11: 00000000 (0)
r12: 00000000 (0)
r13: 00000000 (0)
r14: 00000000 (0)
r15: 00000002 (2)
r16: 00000000 (0)
r17: 00000000 (0)
r18: 00000000 (0)
r19: 00000000 (0)
r20: 00000000 (0)
r21: 003f8ba0 (4164512)
r22: 00000000 (0)
r23: 00000000 (0)
r24: 00000000 (0)
r25: 00000000 (0)
r26: 00000000 (0)
r27: 00000000 (0)
r28: 00425a70 (4348528)
r29: 7fffade8 (2147462632)
r30: 00000000 (0)
r31: 00401078 (4198520)
