Move disk 1 from peg A to peg B
Move disk 2 from peg A to peg C
Move disk 1 from peg B to peg C
Move disk 3 from peg A to peg B
Move disk 1 from peg C to peg A
Move disk 2 from peg C to peg B
Move disk 1 from peg A to peg B
Move disk 4 from peg A to peg C
Move disk 1 from peg B to peg C
Move disk 2 from peg B to peg A
Move disk 1 from peg C to peg A
Move disk 3 from peg B to peg C
Move disk 1 from peg A to peg B
Move disk 2 from peg A to peg C
Move disk 1 from peg B to peg C
Move disk 5 from peg A to peg B
Move disk 1 from peg C to peg A
Move disk 2 from peg C to peg B
Move disk 1 from peg A to peg B
Move disk 3 from peg C to peg A
Move disk 1 from peg B to peg C
Move disk 2 from peg B to peg A
Move disk 1 from peg C to peg A
Move disk 4 from peg C to peg B
Move disk 1 from peg A to peg B
Move disk 2 from peg A to peg C
Move disk 1 from peg B to peg C
Move disk 3 from peg A to peg B
Move disk 1 from peg C to peg A
Move disk 2 from peg C to peg B
Move disk 1 from peg A to peg B
Move disk 6 from peg A to peg C
Move disk 1 from peg B to peg C
Move disk 2 from peg B to peg A
Move disk 1 from peg C to peg A
Move disk 3 from peg B to peg C
Move disk 1 from peg A to peg B
Move disk 2 from peg A to peg C
Move disk 1 from peg B to peg C
Move disk 4 from peg B to peg A
Move disk 1 from peg C to peg A
Move disk 2 from peg C to peg B
Move disk 1 from peg A to peg B
Move disk 3 from peg C to peg A
Move disk 1 from peg B to peg C
Move disk 2 from peg B to peg A
Move disk 1 from peg C to peg A
Move disk 5 from peg B to peg C
Move disk 1 from peg A to peg B
Move disk 2 from peg A to peg C
Move disk 1 from peg B to peg C
Move disk 3 from peg A to peg B
Move disk 1 from peg C to peg A
Move disk 2 from peg C to peg B
Move disk 1 from peg A to peg B
Move disk 4 from peg A to peg C
Move disk 1 from peg B to peg C
Move disk 2 from peg B to peg A
Move disk 1 from peg C to peg A
Move disk 3 from peg B to peg C
Move disk 1 from peg A to peg B
Move disk 2 from peg A to peg C
Move disk 1 from peg B to peg C
Executing /home/group1/ashish4/HW3/v3a/Ksim/Bench/testcode/towers/towers.image
EXIT called, code: 99
