Field               Value       Percentage
---------------------------------------------
ins_cnt             999995915   -
load                452706146   28.25%
store               149987400   9.36%
nop                 36514       0.00%
call_drct           791604      0.05%
call_indrct         13          0.00%
ret                 791614      0.05%
uncond_br           21299210    1.33%
cond_br             129923144   8.11%
logical             71000704    4.43%
rotate_shift        61831941    3.86%
flagop              6130        0.00%
vector              0           0.00%
cmov                0           0.00%
mmx_sse             0           0.00%
syscall             0           0.00%
alu                 0           0.00%
misc                714315041   44.57%
BBL counter: 3195
Mean BBL sz (ins): 6.00
CPI: 26.95
