Field               Value       Percentage
---------------------------------------------
ins_cnt             1000000025  -
load                1040897087  44.55%
store               295429705   12.65%
nop                 2265        0.00%
call_drct           531584      0.02%
call_indrct         193         0.00%
ret                 531777      0.02%
uncond_br           535271      0.02%
cond_br             4305620     0.18%
logical             1626454     0.07%
rotate_shift        1059310     0.05%
flagop              5           0.00%
vector              0           0.00%
cmov                0           0.00%
mmx_sse             0           0.00%
syscall             0           0.00%
alu                 851723568   36.46%
misc                139683978   5.98%
BBL counter: 9489
Mean BBL sz (ins): 6.00
CPI: 40.47
