Field               Value       Percentage
---------------------------------------------
ins_cnt             999999035   -
load                547670758   33.74%
store               75556440    4.65%
nop                 34317       0.00%
call_drct           144622      0.01%
call_indrct         959         0.00%
ret                 145581      0.01%
uncond_br           205862      0.01%
cond_br             144361425   8.89%
logical             1158703     0.07%
rotate_shift        294106      0.02%
flagop              5669        0.00%
vector              0           0.00%
cmov                0           0.00%
mmx_sse             0           0.00%
syscall             0           0.00%
alu                 40212       0.00%
misc                853607579   52.59%
BBL counter: 4076
Mean BBL sz (ins): 5.00
CPI: 27.49
